<?xml version="1.0" encoding="UTF-8"?>
<testsuite xmlns:xsi="http://www.w3.org/2001/XMLSchema-instance"
           xsi:noNamespaceSchemaLocation="https://maven.apache.org/surefire/maven-surefire-plugin/xsd/surefire-test-report.xsd"
           name="com.lingjian.spring_boot.SpringBoot02QuickStartApplicationTests" time="2.319" tests="2" errors="0"
           skipped="0" failures="0">
    <properties>
[...]
</properties>
    <testcase name="testHelloService" classname="com.lingjian.spring_boot.SpringBoot02QuickStartApplicationTests"
              time="0.34"/>
    <testcase name="contextLoads" classname="com.lingjian.spring_boot.SpringBoot02QuickStartApplicationTests"
              time="0.009"/>
</testsuite>